\BOOKMARK [1][-]{section.1}{Math. Teoremas}{}% 1
\BOOKMARK [2][-]{subsection.1.1}{Representaci\363n de N\372meros Enteros. Teoremas}{section.1}% 2
\BOOKMARK [2][-]{subsection.1.2}{Teor\355a de N\372meros. Teoremas}{section.1}% 3
\BOOKMARK [2][-]{subsection.1.3}{Funci\363n Phi de Euler}{section.1}% 4
\BOOKMARK [2][-]{subsection.1.4}{Otras Funciones de Teor\355a de N\372meros}{section.1}% 5
\BOOKMARK [2][-]{subsection.1.5}{Congruencias. Propiedades}{section.1}% 6
\BOOKMARK [1][-]{section.2}{Math. M\351todos}{}% 7
\BOOKMARK [2][-]{subsection.2.1}{Josephus Problem}{section.2}% 8
\BOOKMARK [2][-]{subsection.2.2}{Teorema Chino del Resto}{section.2}% 9
\BOOKMARK [2][-]{subsection.2.3}{Resoluci\363n de Ecuaciones Recursivas}{section.2}% 10
\BOOKMARK [2][-]{subsection.2.4}{Resoluci\363n de Ecuaciones Recursivas con Matrices}{section.2}% 11
\BOOKMARK [1][-]{section.3}{Math. F\363rmulas}{}% 12
\BOOKMARK [2][-]{subsection.3.1}{F\363mulas de Sumas}{section.3}% 13
\BOOKMARK [2][-]{subsection.3.2}{Trabajo con Bits}{section.3}% 14
\BOOKMARK [1][-]{section.4}{Combinatoria}{}% 15
\BOOKMARK [2][-]{subsection.4.1}{Conceptos B\341sicas}{section.4}% 16
\BOOKMARK [2][-]{subsection.4.2}{F\363rmulas}{section.4}% 17
\BOOKMARK [1][-]{section.5}{Secuencias}{}% 18
\BOOKMARK [2][-]{subsection.5.1}{N\372meros de Catalan}{section.5}% 19
\BOOKMARK [2][-]{subsection.5.2}{N\372meros de Fibonacci}{section.5}% 20
\BOOKMARK [2][-]{subsection.5.3}{Stirling Numbers de Primer Tipo}{section.5}% 21
\BOOKMARK [2][-]{subsection.5.4}{Stirling Numbers de Segundo Tipo}{section.5}% 22
\BOOKMARK [1][-]{section.6}{Grafos. Conectividad}{}% 23
\BOOKMARK [2][-]{subsection.6.1}{Clasificaci\363n de las Aristas}{section.6}% 24
\BOOKMARK [2][-]{subsection.6.2}{Puntos de Articulaci\363n}{section.6}% 25
\BOOKMARK [1][-]{section.7}{\301rboles}{}% 26
\BOOKMARK [2][-]{subsection.7.1}{Centroid Decomposition}{section.7}% 27
\BOOKMARK [1][-]{section.8}{Programaci\363n Din\341mica}{}% 28
\BOOKMARK [2][-]{subsection.8.1}{Usando Matrix Exponentiation}{section.8}% 29
\BOOKMARK [2][-]{subsection.8.2}{Optimizaci\363n Usando la Desigualdad Cuadrangular}{section.8}% 30
\BOOKMARK [1][-]{section.9}{Game Theory}{}% 31
\BOOKMARK [2][-]{subsection.9.1}{Juegos Imparciales}{section.9}% 32
\BOOKMARK [1][-]{section.10}{Strings}{}% 33
\BOOKMARK [2][-]{subsection.10.1}{Algoritmo Z}{section.10}% 34
\BOOKMARK [2][-]{subsection.10.2}{Aho-Corasick}{section.10}% 35
\BOOKMARK [1][-]{section.11}{Geometry}{}% 36
\BOOKMARK [2][-]{subsection.11.1}{Elementos Primitivos}{section.11}% 37
